{"type":"server-started","port":62372,"host":"127.0.0.1","url_host":"localhost","url":"http://localhost:62372","screen_dir":"/Users/durandbourjate/Documents/-Gym Hofwil/00 Automatisierung Unterricht/10 Github/GYM-WR-DUY/Pruefung/.superpowers/brainstorm/44306-1773993484"}
{"type":"screen-added","file":"/Users/durandbourjate/Documents/-Gym Hofwil/00 Automatisierung Unterricht/10 Github/GYM-WR-DUY/Pruefung/.superpowers/brainstorm/44306-1773993484/uebersicht.html"}
{"type":"screen-updated","file":"/Users/durandbourjate/Documents/-Gym Hofwil/00 Automatisierung Unterricht/10 Github/GYM-WR-DUY/Pruefung/.superpowers/brainstorm/44306-1773993484/uebersicht.html"}
{"type":"screen-updated","file":"/Users/durandbourjate/Documents/-Gym Hofwil/00 Automatisierung Unterricht/10 Github/GYM-WR-DUY/Pruefung/.superpowers/brainstorm/44306-1773993484/uebersicht.html"}
{"type":"screen-updated","file":"/Users/durandbourjate/Documents/-Gym Hofwil/00 Automatisierung Unterricht/10 Github/GYM-WR-DUY/Pruefung/.superpowers/brainstorm/44306-1773993484/uebersicht.html"}
{"type":"screen-added","file":"/Users/durandbourjate/Documents/-Gym Hofwil/00 Automatisierung Unterricht/10 Github/GYM-WR-DUY/Pruefung/.superpowers/brainstorm/44306-1773993484/design-header.html"}
{"type":"screen-updated","file":"/Users/durandbourjate/Documents/-Gym Hofwil/00 Automatisierung Unterricht/10 Github/GYM-WR-DUY/Pruefung/.superpowers/brainstorm/44306-1773993484/design-header.html"}
{"type":"screen-updated","file":"/Users/durandbourjate/Documents/-Gym Hofwil/00 Automatisierung Unterricht/10 Github/GYM-WR-DUY/Pruefung/.superpowers/brainstorm/44306-1773993484/design-header.html"}
{"type":"screen-added","file":"/Users/durandbourjate/Documents/-Gym Hofwil/00 Automatisierung Unterricht/10 Github/GYM-WR-DUY/Pruefung/.superpowers/brainstorm/44306-1773993484/design-header-v2.html"}
{"type":"screen-updated","file":"/Users/durandbourjate/Documents/-Gym Hofwil/00 Automatisierung Unterricht/10 Github/GYM-WR-DUY/Pruefung/.superpowers/brainstorm/44306-1773993484/design-header-v2.html"}
{"type":"screen-updated","file":"/Users/durandbourjate/Documents/-Gym Hofwil/00 Automatisierung Unterricht/10 Github/GYM-WR-DUY/Pruefung/.superpowers/brainstorm/44306-1773993484/design-header-v2.html"}
{"type":"screen-updated","file":"/Users/durandbourjate/Documents/-Gym Hofwil/00 Automatisierung Unterricht/10 Github/GYM-WR-DUY/Pruefung/.superpowers/brainstorm/44306-1773993484/design-header-v2.html"}
{"type":"screen-added","file":"/Users/durandbourjate/Documents/-Gym Hofwil/00 Automatisierung Unterricht/10 Github/GYM-WR-DUY/Pruefung/.superpowers/brainstorm/44306-1773993484/design-fragenbank.html"}
{"type":"screen-updated","file":"/Users/durandbourjate/Documents/-Gym Hofwil/00 Automatisierung Unterricht/10 Github/GYM-WR-DUY/Pruefung/.superpowers/brainstorm/44306-1773993484/design-fragenbank.html"}
{"type":"screen-updated","file":"/Users/durandbourjate/Documents/-Gym Hofwil/00 Automatisierung Unterricht/10 Github/GYM-WR-DUY/Pruefung/.superpowers/brainstorm/44306-1773993484/design-fragenbank.html"}
{"type":"screen-updated","file":"/Users/durandbourjate/Documents/-Gym Hofwil/00 Automatisierung Unterricht/10 Github/GYM-WR-DUY/Pruefung/.superpowers/brainstorm/44306-1773993484/design-fragenbank.html"}
{"type":"screen-added","file":"/Users/durandbourjate/Documents/-Gym Hofwil/00 Automatisierung Unterricht/10 Github/GYM-WR-DUY/Pruefung/.superpowers/brainstorm/44306-1773993484/waiting.html"}
{"type":"screen-updated","file":"/Users/durandbourjate/Documents/-Gym Hofwil/00 Automatisierung Unterricht/10 Github/GYM-WR-DUY/Pruefung/.superpowers/brainstorm/44306-1773993484/waiting.html"}
{"type":"screen-updated","file":"/Users/durandbourjate/Documents/-Gym Hofwil/00 Automatisierung Unterricht/10 Github/GYM-WR-DUY/Pruefung/.superpowers/brainstorm/44306-1773993484/waiting.html"}
{"type":"screen-updated","file":"/Users/durandbourjate/Documents/-Gym Hofwil/00 Automatisierung Unterricht/10 Github/GYM-WR-DUY/Pruefung/.superpowers/brainstorm/44306-1773993484/waiting.html"}
{"type":"server-stopped","reason":"idle timeout"}
